{
  "RSpec": {
    "coverage": {
      "/Users/bryanaknight/Desktop/Rails_Tutorials/project-x/config/environment.rb": [
        null,
        1,
        null,
        null,
        1
      ],
      "/Users/bryanaknight/Desktop/Rails_Tutorials/project-x/config/application.rb": [
        1,
        null,
        1,
        null,
        null,
        null,
        1,
        null,
        1,
        1,
        null,
        null,
        null,
        null,
        null,
        null,
        null,
        null,
        null,
        null,
        null,
        null,
        null
      ],
      "/Users/bryanaknight/Desktop/Rails_Tutorials/project-x/config/boot.rb": [
        null,
        1,
        null,
        1
      ],
      "/Users/bryanaknight/Desktop/Rails_Tutorials/project-x/config/environments/test.rb": [
        1,
        null,
        null,
        null,
        null,
        null,
        null,
        1,
        null,
        null,
        null,
        null,
        1,
        null,
        null,
        1,
        1,
        null,
        null,
        1,
        1,
        null,
        null,
        1,
        null,
        null,
        1,
        null,
        null,
        null,
        null,
        1,
        null,
        null,
        1,
        null
      ],
      "/Users/bryanaknight/Desktop/Rails_Tutorials/project-x/config/initializers/backtrace_silencers.rb": [
        null,
        null,
        null,
        null,
        null,
        null,
        null
      ],
      "/Users/bryanaknight/Desktop/Rails_Tutorials/project-x/config/initializers/filter_parameter_logging.rb": [
        null,
        null,
        null,
        1
      ],
      "/Users/bryanaknight/Desktop/Rails_Tutorials/project-x/config/initializers/inflections.rb": [
        null,
        null,
        null,
        null,
        null,
        null,
        null,
        null,
        null,
        null,
        null,
        null,
        null,
        null,
        null,
        null
      ],
      "/Users/bryanaknight/Desktop/Rails_Tutorials/project-x/config/initializers/mime_types.rb": [
        null,
        null,
        null,
        null,
        null
      ],
      "/Users/bryanaknight/Desktop/Rails_Tutorials/project-x/config/initializers/omniauth.rb": [
        1,
        null,
        1,
        1,
        null
      ],
      "/Users/bryanaknight/Desktop/Rails_Tutorials/project-x/config/initializers/secret_token.rb": [
        null,
        null,
        null,
        null,
        null,
        null,
        null,
        null,
        null,
        null,
        null,
        1
      ],
      "/Users/bryanaknight/Desktop/Rails_Tutorials/project-x/config/initializers/session_store.rb": [
        null,
        null,
        1
      ],
      "/Users/bryanaknight/Desktop/Rails_Tutorials/project-x/config/initializers/wrap_parameters.rb": [
        null,
        null,
        null,
        null,
        null,
        null,
        1,
        1,
        null,
        null,
        null,
        null,
        null,
        null
      ],
      "/Users/bryanaknight/Desktop/Rails_Tutorials/project-x/spec/factories/activities.rb": [
        null,
        null,
        1,
        1,
        null,
        null
      ],
      "/Users/bryanaknight/Desktop/Rails_Tutorials/project-x/spec/factories/foods.rb": [
        null,
        null,
        1,
        1,
        1,
        1,
        1,
        1,
        1,
        1,
        1,
        1,
        1,
        1,
        1,
        null,
        null
      ],
      "/Users/bryanaknight/Desktop/Rails_Tutorials/project-x/spec/factories/goal.rb": [
        1,
        1,
        1,
        1,
        1,
        1,
        1,
        1,
        1,
        1,
        null,
        null
      ],
      "/Users/bryanaknight/Desktop/Rails_Tutorials/project-x/spec/factories/stats.rb": [
        null,
        null,
        1,
        1,
        1,
        1,
        1,
        1,
        null,
        null
      ],
      "/Users/bryanaknight/Desktop/Rails_Tutorials/project-x/spec/factories/user.rb": [
        1,
        1,
        1,
        1,
        1,
        1,
        1,
        1,
        null,
        null
      ],
      "/Users/bryanaknight/Desktop/Rails_Tutorials/project-x/config/routes.rb": [
        1,
        null,
        1,
        1,
        1,
        1,
        null,
        1,
        null,
        1,
        null,
        1,
        1,
        null,
        1,
        1,
        null,
        1,
        null,
        null
      ],
      "/Users/bryanaknight/Desktop/Rails_Tutorials/project-x/app/helpers/application_helper.rb": [
        1,
        null
      ],
      "/Users/bryanaknight/Desktop/Rails_Tutorials/project-x/app/helpers/dashboard_helper.rb": [
        1,
        null
      ],
      "/Users/bryanaknight/Desktop/Rails_Tutorials/project-x/app/helpers/foods_helper.rb": [
        1,
        null
      ],
      "/Users/bryanaknight/Desktop/Rails_Tutorials/project-x/app/helpers/goals_helper.rb": [
        1,
        null
      ],
      "/Users/bryanaknight/Desktop/Rails_Tutorials/project-x/app/helpers/users_helper.rb": [
        1,
        null
      ],
      "/Users/bryanaknight/Desktop/Rails_Tutorials/project-x/app/controllers/foods_controller.rb": [
        1,
        null,
        null,
        1,
        null,
        null,
        null,
        null,
        null,
        1,
        0,
        null,
        null,
        null,
        1,
        0,
        null,
        null,
        1,
        0,
        0,
        0,
        0,
        null,
        0,
        0,
        null,
        null,
        null,
        1,
        null,
        null,
        null,
        null,
        null,
        null,
        null,
        null,
        null,
        null,
        0,
        null,
        null,
        1,
        0,
        null,
        null,
        1,
        0,
        null,
        null,
        1,
        0,
        null,
        null,
        null
      ],
      "/Users/bryanaknight/Desktop/Rails_Tutorials/project-x/app/controllers/application_controller.rb": [
        1,
        null,
        null,
        1,
        null,
        1,
        null,
        1,
        114,
        null,
        null,
        1,
        null
      ],
      "/Users/bryanaknight/Desktop/Rails_Tutorials/project-x/spec/controllers/goals_controller_spec.rb": [
        1,
        null,
        1,
        null,
        null
      ],
      "/Users/bryanaknight/Desktop/Rails_Tutorials/project-x/app/controllers/goals_controller.rb": [
        1,
        null,
        1,
        3,
        null,
        null,
        1,
        0,
        0,
        null,
        null,
        1,
        0,
        0,
        0,
        0,
        null,
        null,
        1,
        1,
        1,
        1,
        1,
        null,
        null,
        1,
        2,
        2,
        2,
        null,
        null,
        1,
        null,
        1,
        1,
        null,
        null,
        null,
        null,
        null,
        null,
        null,
        null,
        null,
        null
      ],
      "/Users/bryanaknight/Desktop/Rails_Tutorials/project-x/spec/controllers/users_controller_spec.rb": [
        1,
        null,
        1,
        null,
        null
      ],
      "/Users/bryanaknight/Desktop/Rails_Tutorials/project-x/app/controllers/users_controller.rb": [
        1,
        null,
        1,
        5,
        5,
        5,
        null,
        null,
        null
      ],
      "/Users/bryanaknight/Desktop/Rails_Tutorials/project-x/spec/features/dashboard_spec.rb": [
        1,
        null,
        1,
        null,
        1,
        4,
        4,
        4,
        4,
        4,
        null,
        null,
        1,
        1,
        null,
        null,
        1,
        1,
        null,
        null,
        1,
        1,
        null,
        null,
        1,
        1,
        1,
        1,
        1,
        1,
        1,
        1,
        null,
        null,
        null
      ],
      "/Users/bryanaknight/Desktop/Rails_Tutorials/project-x/spec/features/goal_spec.rb": [
        1,
        null,
        1,
        1,
        null,
        1,
        2,
        2,
        2,
        2,
        2,
        2,
        2,
        2,
        2,
        null,
        null,
        1,
        1,
        null,
        null,
        1,
        1,
        1,
        1,
        1,
        1,
        1,
        1,
        1,
        1,
        1,
        null,
        null,
        null,
        null
      ],
      "/Users/bryanaknight/Desktop/Rails_Tutorials/project-x/spec/features/user_profile_spec.rb": [
        1,
        null,
        1,
        1,
        null,
        1,
        3,
        3,
        3,
        3,
        3,
        3,
        3,
        null,
        null,
        1,
        1,
        null,
        null,
        1,
        1,
        1,
        1,
        1,
        1,
        null,
        null,
        1,
        1,
        null,
        null,
        null
      ],
      "/Users/bryanaknight/Desktop/Rails_Tutorials/project-x/spec/models/fatsecret_api_spec.rb": [
        1,
        null,
        1,
        1,
        0,
        0,
        0,
        0,
        null,
        null,
        null
      ],
      "/Users/bryanaknight/Desktop/Rails_Tutorials/project-x/app/services/fatsecret_api.rb": [
        1,
        1,
        1,
        1,
        null,
        1,
        null,
        1,
        1,
        1,
        1,
        null,
        1,
        0,
        null,
        null,
        1,
        0,
        0,
        null,
        null,
        null,
        null,
        null,
        null,
        null,
        null,
        0,
        null,
        null,
        1,
        0,
        0,
        0,
        null,
        null,
        null,
        1,
        0,
        0,
        0,
        null,
        null,
        null,
        null,
        null,
        null,
        null,
        1,
        0,
        null,
        null,
        null,
        null,
        0,
        null,
        null,
        1,
        0,
        null,
        null,
        null,
        null,
        0,
        null,
        null,
        1,
        0,
        null,
        null,
        1,
        0,
        0,
        0,
        0,
        0,
        0,
        null,
        null,
        1,
        null,
        null,
        null,
        null,
        null,
        null,
        0,
        null,
        null,
        1,
        0,
        0,
        0,
        null,
        null,
        1,
        0,
        0,
        0,
        0,
        null,
        null,
        1,
        0,
        0,
        null,
        null,
        1,
        0,
        0,
        0,
        null,
        null,
        null,
        null,
        1,
        1,
        0,
        null,
        null
      ],
      "/Users/bryanaknight/Desktop/Rails_Tutorials/project-x/spec/models/user_spec.rb": [
        1,
        null,
        1,
        null,
        1,
        2,
        2,
        2,
        2,
        2,
        null,
        null,
        1,
        1,
        1,
        1,
        1,
        1,
        null,
        null,
        1,
        1,
        1,
        null,
        null
      ],
      "/Users/bryanaknight/Desktop/Rails_Tutorials/project-x/app/models/user.rb": [
        1,
        1,
        1,
        1,
        null,
        1,
        null,
        1,
        9,
        null,
        null,
        1,
        5,
        5,
        5,
        5,
        5,
        5,
        null,
        null,
        null,
        1,
        44,
        null,
        null,
        1,
        83,
        null,
        null,
        1,
        56,
        30,
        null,
        53,
        null,
        null,
        null,
        1,
        56,
        30,
        null,
        53,
        null,
        null,
        null,
        1,
        56,
        30,
        null,
        53,
        null,
        null,
        null,
        1,
        56,
        30,
        null,
        53,
        null,
        null,
        null,
        1,
        56,
        30,
        null,
        53,
        null,
        null,
        null,
        1,
        1,
        null,
        null,
        1,
        1,
        null,
        null,
        1,
        78,
        null,
        null,
        1,
        410,
        null,
        null,
        1,
        0,
        0,
        null,
        0,
        null,
        null,
        null,
        1,
        18,
        8,
        10,
        10,
        0,
        0,
        null,
        0,
        null,
        null,
        null,
        1,
        9,
        4,
        5,
        0,
        null,
        5,
        null,
        null,
        null,
        1,
        9,
        null,
        null,
        1,
        9,
        null,
        null,
        1,
        null,
        1,
        11,
        null,
        null
      ],
      "/Users/bryanaknight/Desktop/Rails_Tutorials/project-x/app/models/goal.rb": [
        1,
        1,
        1,
        null,
        1,
        51,
        51,
        51,
        51,
        51,
        51,
        51,
        null,
        null,
        1,
        null,
        0,
        null,
        null,
        null,
        null,
        null,
        null,
        null,
        null
      ],
      "/Users/bryanaknight/Desktop/Rails_Tutorials/project-x/app/models/food.rb": [
        1,
        1,
        null,
        1,
        157,
        157,
        157,
        157,
        157,
        null,
        null,
        null,
        null
      ],
      "/Users/bryanaknight/Desktop/Rails_Tutorials/project-x/app/controllers/sessions_controller.rb": [
        1,
        null,
        1,
        null,
        null,
        1,
        9,
        9,
        9,
        null,
        null,
        1,
        0,
        0,
        null,
        null,
        null
      ],
      "/Users/bryanaknight/Desktop/Rails_Tutorials/project-x/app/controllers/dashboard_controller.rb": [
        1,
        null,
        1,
        9,
        0,
        null,
        9,
        9,
        9,
        9,
        null,
        null,
        null,
        null
      ],
      "/Users/bryanaknight/Desktop/Rails_Tutorials/project-x/app/models/activity.rb": [
        1,
        1,
        null,
        1,
        9,
        9,
        null,
        null,
        null,
        null,
        null,
        null,
        9,
        9,
        9,
        9,
        9,
        9,
        null,
        null,
        null
      ],
      "/Users/bryanaknight/Desktop/Rails_Tutorials/project-x/app/models/stat.rb": [
        1,
        1,
        null,
        1,
        18,
        null,
        null,
        null
      ],
      "/Users/bryanaknight/Desktop/Rails_Tutorials/project-x/app/models/achievement.rb": [
        1,
        1,
        null,
        1,
        14,
        null,
        null,
        1,
        278,
        null,
        null,
        1,
        19,
        null,
        null,
        1,
        5,
        null,
        null,
        1,
        9,
        null,
        null,
        1,
        9,
        9,
        null,
        null,
        1,
        5,
        null,
        null,
        1,
        5,
        null,
        null,
        1,
        5,
        null,
        null,
        1,
        5,
        null,
        null,
        1,
        5,
        null,
        null,
        1,
        5,
        35,
        null,
        null,
        null,
        1,
        5,
        0,
        null,
        5,
        35,
        null,
        null,
        null,
        null,
        1,
        5,
        0,
        null,
        5,
        35,
        null,
        null,
        null,
        null,
        1,
        5,
        0,
        null,
        5,
        35,
        null,
        null,
        null,
        null,
        1,
        5,
        0,
        null,
        5,
        35,
        null,
        null,
        null,
        null,
        1,
        40,
        null,
        null,
        1,
        30,
        null,
        null,
        null,
        null,
        null,
        null
      ]
    },
    "timestamp": 1392237440
  }
}
