{
  "RSpec": {
    "coverage": {
      "/Users/nikhiltaneja/Dropbox/Projects/project-x/config/environment.rb": [
        null,
        1,
        null,
        null,
        1
      ],
      "/Users/nikhiltaneja/Dropbox/Projects/project-x/config/application.rb": [
        1,
        null,
        1,
        null,
        null,
        null,
        1,
        null,
        1,
        1,
        null,
        null,
        null,
        null,
        null,
        null,
        null,
        null,
        null,
        null,
        null,
        null,
        null
      ],
      "/Users/nikhiltaneja/Dropbox/Projects/project-x/config/boot.rb": [
        null,
        1,
        null,
        1
      ],
      "/Users/nikhiltaneja/Dropbox/Projects/project-x/config/environments/test.rb": [
        1,
        null,
        null,
        null,
        null,
        null,
        null,
        1,
        null,
        null,
        null,
        null,
        1,
        null,
        null,
        1,
        1,
        null,
        null,
        1,
        1,
        null,
        null,
        1,
        null,
        null,
        1,
        null,
        null,
        null,
        null,
        1,
        null,
        null,
        1,
        null
      ],
      "/Users/nikhiltaneja/Dropbox/Projects/project-x/config/initializers/backtrace_silencers.rb": [
        null,
        null,
        null,
        null,
        null,
        null,
        null
      ],
      "/Users/nikhiltaneja/Dropbox/Projects/project-x/config/initializers/filter_parameter_logging.rb": [
        null,
        null,
        null,
        1
      ],
      "/Users/nikhiltaneja/Dropbox/Projects/project-x/config/initializers/inflections.rb": [
        null,
        null,
        null,
        null,
        null,
        null,
        null,
        null,
        null,
        null,
        null,
        null,
        null,
        null,
        null,
        null
      ],
      "/Users/nikhiltaneja/Dropbox/Projects/project-x/config/initializers/mime_types.rb": [
        null,
        null,
        null,
        null,
        null
      ],
      "/Users/nikhiltaneja/Dropbox/Projects/project-x/config/initializers/omniauth.rb": [
        1,
        null,
        1,
        1,
        null
      ],
      "/Users/nikhiltaneja/Dropbox/Projects/project-x/config/initializers/secret_token.rb": [
        null,
        null,
        null,
        null,
        null,
        null,
        null,
        null,
        null,
        null,
        null,
        1
      ],
      "/Users/nikhiltaneja/Dropbox/Projects/project-x/config/initializers/session_store.rb": [
        null,
        null,
        1
      ],
      "/Users/nikhiltaneja/Dropbox/Projects/project-x/config/initializers/wrap_parameters.rb": [
        null,
        null,
        null,
        null,
        null,
        null,
        1,
        1,
        null,
        null,
        null,
        null,
        null,
        null
      ],
      "/Users/nikhiltaneja/Dropbox/Projects/project-x/spec/factories/activities.rb": [
        null,
        null,
        1,
        1,
        null,
        null
      ],
      "/Users/nikhiltaneja/Dropbox/Projects/project-x/spec/factories/foods.rb": [
        null,
        null,
        1,
        1,
        1,
        1,
        1,
        1,
        1,
        1,
        1,
        1,
        1,
        1,
        1,
        null,
        null
      ],
      "/Users/nikhiltaneja/Dropbox/Projects/project-x/spec/factories/goal.rb": [
        1,
        1,
        1,
        1,
        1,
        1,
        1,
        1,
        1,
        1,
        null,
        null
      ],
      "/Users/nikhiltaneja/Dropbox/Projects/project-x/spec/factories/stats.rb": [
        null,
        null,
        1,
        1,
        1,
        1,
        1,
        1,
        null,
        null
      ],
      "/Users/nikhiltaneja/Dropbox/Projects/project-x/spec/factories/user.rb": [
        1,
        1,
        1,
        1,
        1,
        1,
        1,
        1,
        null,
        null
      ],
      "/Users/nikhiltaneja/Dropbox/Projects/project-x/config/routes.rb": [
        1,
        null,
        1,
        1,
        1,
        1,
        null,
        1,
        null,
        1,
        null,
        1,
        1,
        null,
        1,
        1,
        null,
        1,
        null,
        null
      ],
      "/Users/nikhiltaneja/Dropbox/Projects/project-x/app/helpers/application_helper.rb": [
        1,
        null
      ],
      "/Users/nikhiltaneja/Dropbox/Projects/project-x/app/helpers/dashboard_helper.rb": [
        1,
        null
      ],
      "/Users/nikhiltaneja/Dropbox/Projects/project-x/app/helpers/foods_helper.rb": [
        1,
        null
      ],
      "/Users/nikhiltaneja/Dropbox/Projects/project-x/app/helpers/goals_helper.rb": [
        1,
        null
      ],
      "/Users/nikhiltaneja/Dropbox/Projects/project-x/app/helpers/users_helper.rb": [
        1,
        null
      ],
      "/Users/nikhiltaneja/Dropbox/Projects/project-x/app/controllers/foods_controller.rb": [
        1,
        null,
        null,
        1,
        null,
        null,
        null,
        null,
        null,
        1,
        0,
        null,
        null,
        null,
        1,
        0,
        null,
        null,
        1,
        0,
        0,
        0,
        0,
        null,
        0,
        0,
        null,
        null,
        null,
        1,
        null,
        null,
        null,
        null,
        null,
        null,
        null,
        null,
        null,
        null,
        0,
        null,
        null,
        1,
        0,
        null,
        null,
        1,
        0,
        null,
        null,
        1,
        0,
        null,
        null,
        null
      ],
      "/Users/nikhiltaneja/Dropbox/Projects/project-x/app/controllers/application_controller.rb": [
        1,
        null,
        null,
        1,
        null,
        1,
        null,
        1,
        96,
        null,
        null,
        1,
        null
      ],
      "/Users/nikhiltaneja/Dropbox/Projects/project-x/spec/controllers/goals_controller_spec.rb": [
        1,
        null,
        1,
        null,
        null
      ],
      "/Users/nikhiltaneja/Dropbox/Projects/project-x/app/controllers/goals_controller.rb": [
        1,
        null,
        1,
        0,
        null,
        null,
        1,
        0,
        0,
        null,
        null,
        1,
        0,
        0,
        0,
        0,
        null,
        null,
        1,
        1,
        1,
        1,
        1,
        null,
        null,
        1,
        1,
        1,
        1,
        null,
        null,
        1,
        null,
        1,
        1,
        null,
        null,
        null,
        null,
        null,
        null,
        null,
        null,
        null,
        null
      ],
      "/Users/nikhiltaneja/Dropbox/Projects/project-x/spec/controllers/users_controller_spec.rb": [
        1,
        null,
        1,
        null,
        null
      ],
      "/Users/nikhiltaneja/Dropbox/Projects/project-x/app/controllers/users_controller.rb": [
        1,
        null,
        1,
        5,
        5,
        5,
        null,
        null,
        null
      ],
      "/Users/nikhiltaneja/Dropbox/Projects/project-x/spec/features/dashboard_spec.rb": [
        1,
        null,
        1,
        null,
        1,
        4,
        4,
        4,
        4,
        4,
        null,
        null,
        1,
        1,
        null,
        null,
        1,
        1,
        null,
        null,
        1,
        1,
        null,
        null,
        1,
        1,
        1,
        1,
        1,
        1,
        1,
        1,
        null,
        null,
        null
      ],
      "/Users/nikhiltaneja/Dropbox/Projects/project-x/spec/features/goal_spec.rb": [
        1,
        null,
        1,
        1,
        null,
        1,
        1,
        1,
        1,
        1,
        1,
        1,
        1,
        1,
        null,
        null,
        1,
        1,
        1,
        1,
        1,
        1,
        1,
        1,
        1,
        null,
        null,
        null
      ],
      "/Users/nikhiltaneja/Dropbox/Projects/project-x/spec/features/user_profile_spec.rb": [
        1,
        null,
        1,
        1,
        null,
        1,
        3,
        3,
        3,
        3,
        3,
        3,
        3,
        null,
        null,
        1,
        1,
        null,
        null,
        1,
        1,
        1,
        1,
        1,
        1,
        null,
        null,
        1,
        1,
        null,
        null,
        null
      ],
      "/Users/nikhiltaneja/Dropbox/Projects/project-x/spec/models/fatsecret_api_spec.rb": [
        1,
        null,
        1,
        1,
        0,
        0,
        0,
        0,
        null,
        null,
        null
      ],
      "/Users/nikhiltaneja/Dropbox/Projects/project-x/app/services/fatsecret_api.rb": [
        1,
        1,
        1,
        1,
        null,
        1,
        null,
        1,
        1,
        1,
        1,
        null,
        1,
        0,
        null,
        null,
        1,
        0,
        0,
        null,
        null,
        null,
        null,
        null,
        null,
        null,
        null,
        0,
        null,
        null,
        1,
        0,
        0,
        0,
        null,
        null,
        null,
        1,
        0,
        0,
        0,
        null,
        null,
        null,
        null,
        null,
        null,
        null,
        1,
        0,
        null,
        null,
        null,
        null,
        0,
        null,
        null,
        1,
        0,
        null,
        null,
        null,
        null,
        0,
        null,
        null,
        1,
        0,
        null,
        null,
        1,
        0,
        0,
        0,
        0,
        0,
        0,
        null,
        null,
        1,
        null,
        null,
        null,
        null,
        null,
        null,
        0,
        null,
        null,
        1,
        0,
        0,
        0,
        null,
        null,
        1,
        0,
        0,
        0,
        0,
        null,
        null,
        1,
        0,
        0,
        null,
        null,
        1,
        0,
        0,
        0,
        null,
        null,
        null,
        null,
        1,
        1,
        0,
        null,
        null
      ],
      "/Users/nikhiltaneja/Dropbox/Projects/project-x/spec/models/user_spec.rb": [
        1,
        null,
        1,
        null,
        1,
        2,
        2,
        2,
        2,
        2,
        null,
        null,
        1,
        1,
        1,
        1,
        1,
        1,
        null,
        null,
        1,
        1,
        1,
        null,
        null
      ],
      "/Users/nikhiltaneja/Dropbox/Projects/project-x/app/models/user.rb": [
        1,
        1,
        1,
        1,
        null,
        1,
        null,
        1,
        8,
        null,
        null,
        1,
        4,
        4,
        4,
        4,
        4,
        4,
        null,
        null,
        null,
        1,
        36,
        null,
        null,
        1,
        72,
        null,
        null,
        1,
        63,
        30,
        null,
        67,
        null,
        null,
        null,
        1,
        63,
        30,
        null,
        67,
        null,
        null,
        null,
        1,
        63,
        30,
        null,
        67,
        null,
        null,
        null,
        1,
        63,
        30,
        null,
        67,
        null,
        null,
        null,
        1,
        63,
        30,
        null,
        67,
        null,
        null,
        null,
        1,
        1,
        null,
        null,
        1,
        1,
        null,
        null,
        1,
        80,
        null,
        null,
        1,
        480,
        null,
        null,
        1,
        0,
        0,
        null,
        0,
        null,
        null,
        null,
        1,
        16,
        8,
        8,
        8,
        0,
        0,
        null,
        0,
        null,
        null,
        null,
        1,
        8,
        4,
        4,
        0,
        null,
        4,
        null,
        null,
        null,
        1,
        8,
        null,
        null,
        1,
        8,
        null,
        null,
        1,
        null,
        1,
        10,
        null,
        null
      ],
      "/Users/nikhiltaneja/Dropbox/Projects/project-x/app/models/goal.rb": [
        1,
        1,
        1,
        null,
        1,
        30,
        30,
        30,
        30,
        30,
        30,
        30,
        null,
        null,
        1,
        null,
        0,
        null,
        null,
        null,
        null,
        null,
        null,
        null,
        null
      ],
      "/Users/nikhiltaneja/Dropbox/Projects/project-x/app/models/food.rb": [
        1,
        1,
        null,
        1,
        190,
        190,
        190,
        190,
        190,
        null,
        null,
        null,
        null
      ],
      "/Users/nikhiltaneja/Dropbox/Projects/project-x/app/models/stat.rb": [
        1,
        1,
        null,
        1,
        16,
        null,
        null,
        null
      ],
      "/Users/nikhiltaneja/Dropbox/Projects/project-x/app/controllers/sessions_controller.rb": [
        1,
        null,
        1,
        null,
        null,
        1,
        8,
        8,
        8,
        null,
        null,
        1,
        0,
        0,
        null,
        null,
        null
      ],
      "/Users/nikhiltaneja/Dropbox/Projects/project-x/app/controllers/dashboard_controller.rb": [
        1,
        null,
        1,
        8,
        0,
        null,
        8,
        8,
        8,
        8,
        null,
        null,
        null,
        null
      ],
      "/Users/nikhiltaneja/Dropbox/Projects/project-x/app/models/activity.rb": [
        1,
        1,
        null,
        1,
        8,
        8,
        null,
        null,
        null,
        null,
        null,
        null,
        8,
        8,
        8,
        8,
        8,
        8,
        null,
        null,
        null
      ],
      "/Users/nikhiltaneja/Dropbox/Projects/project-x/app/models/achievement.rb": [
        1,
        1,
        null,
        1,
        13,
        null,
        null,
        1,
        273,
        null,
        null,
        1,
        16,
        null,
        null,
        1,
        4,
        null,
        null,
        1,
        8,
        null,
        null,
        1,
        8,
        8,
        null,
        null,
        1,
        5,
        null,
        null,
        1,
        5,
        null,
        null,
        1,
        5,
        null,
        null,
        1,
        5,
        null,
        null,
        1,
        5,
        null,
        null,
        1,
        5,
        35,
        null,
        null,
        null,
        1,
        5,
        0,
        null,
        5,
        35,
        null,
        null,
        null,
        null,
        1,
        5,
        0,
        null,
        5,
        35,
        null,
        null,
        null,
        null,
        1,
        5,
        0,
        null,
        5,
        35,
        null,
        null,
        null,
        null,
        1,
        5,
        0,
        null,
        5,
        35,
        null,
        null,
        null,
        null,
        1,
        80,
        null,
        null,
        1,
        35,
        null,
        null,
        null,
        null,
        null,
        null
      ]
    },
    "timestamp": 1392258949
  }
}
